0 info it worked if it ends with ok
1 verbose cli [ 'C:\\Program Files\\nodejs\\\\node.exe',
1 verbose cli   'C:\\Program Files\\nodejs\\node_modules\\npm\\bin\\npm-cli.js',
1 verbose cli   'unpublish',
1 verbose cli   'generator-webapp-heroku#0.5.1',
1 verbose cli   '--force' ]
2 info using npm@1.4.28
3 info using node@v0.10.35
4 verbose node symlink C:\Program Files\nodejs\\node.exe
5 warn using --force I sure hope you know what you are doing.
6 verbose request where is /generator-webapp-heroku
7 verbose request registry https://registry.npmjs.org/#0.5.1?write=true
8 verbose request id 0a718990b606a6a7
9 verbose url raw /generator-webapp-heroku
10 verbose url resolving [ 'https://registry.npmjs.org/#0.5.1?write=true',
10 verbose url resolving   './generator-webapp-heroku' ]
11 verbose url resolved https://registry.npmjs.org/generator-webapp-heroku
12 verbose request where is https://registry.npmjs.org/generator-webapp-heroku
13 info trying registry request attempt 1 at 09:59:56
14 http GET https://registry.npmjs.org/generator-webapp-heroku
15 http 200 https://registry.npmjs.org/generator-webapp-heroku
16 silly registry.get cb [ 200,
16 silly registry.get   { date: 'Sun, 08 Feb 2015 17:59:52 GMT',
16 silly registry.get     server: 'CouchDB/1.5.0 (Erlang OTP/R16B03)',
16 silly registry.get     etag: '"6RYDCPNU76090U7R9SSVXWQF9"',
16 silly registry.get     'content-type': 'application/json',
16 silly registry.get     'cache-control': 'max-age=60',
16 silly registry.get     'content-length': '8874',
16 silly registry.get     'accept-ranges': 'bytes',
16 silly registry.get     via: '1.1 varnish',
16 silly registry.get     age: '6',
16 silly registry.get     'x-served-by': 'cache-sjc3123-SJC',
16 silly registry.get     'x-cache': 'HIT',
16 silly registry.get     'x-cache-hits': '1',
16 silly registry.get     'x-timer': 'S1423418392.822361,VS0,VE0',
16 silly registry.get     vary: 'Accept',
16 silly registry.get     'keep-alive': 'timeout=10, max=50',
16 silly registry.get     connection: 'Keep-Alive' } ]
17 info unpublish No version specified, removing all
18 verbose request where is /generator-webapp-heroku
19 verbose request registry https://registry.npmjs.org/#0.5.1/-rev/4-674a898d41d0e3116c73115cb098c007
20 verbose url raw /generator-webapp-heroku
21 verbose url resolving [ 'https://registry.npmjs.org/#0.5.1/-rev/4-674a898d41d0e3116c73115cb098c007',
21 verbose url resolving   './generator-webapp-heroku' ]
22 verbose url resolved https://registry.npmjs.org/generator-webapp-heroku
23 verbose request where is https://registry.npmjs.org/generator-webapp-heroku
24 info trying registry request attempt 1 at 09:59:56
25 http DELETE https://registry.npmjs.org/generator-webapp-heroku
26 http 404 https://registry.npmjs.org/generator-webapp-heroku
27 verbose headers { date: 'Sun, 08 Feb 2015 17:59:53 GMT',
27 verbose headers   server: 'CouchDB/1.5.0 (Erlang OTP/R16B03)',
27 verbose headers   'content-type': 'application/json',
27 verbose headers   'cache-control': 'max-age=0',
27 verbose headers   'content-length': '41',
27 verbose headers   'accept-ranges': 'bytes',
27 verbose headers   via: '1.1 varnish',
27 verbose headers   'x-served-by': 'cache-sjc3121-SJC',
27 verbose headers   'x-cache': 'MISS',
27 verbose headers   'x-cache-hits': '0',
27 verbose headers   'x-timer': 'S1423418392.979081,VS0,VE111',
27 verbose headers   'keep-alive': 'timeout=10, max=50',
27 verbose headers   connection: 'Keep-Alive' }
28 error 404 404 Not Found: generator-webapp-heroku
28 error 404
28 error 404 'generator-webapp-heroku' is not in the npm registry.
28 error 404 You should bug the author to publish it
28 error 404
28 error 404 Note that you can also install from a
28 error 404 tarball, folder, or http url, or git url.
29 error System Windows_NT 6.2.9200
30 error command "C:\\Program Files\\nodejs\\\\node.exe" "C:\\Program Files\\nodejs\\node_modules\\npm\\bin\\npm-cli.js" "unpublish" "generator-webapp-heroku#0.5.1" "--force"
31 error cwd C:\Projects\generator-webapp-heroku
32 error node -v v0.10.35
33 error npm -v 1.4.28
34 error code E404
35 verbose exit [ 1, true ]
